<?xml version="1.0" encoding="UTF-8"?>
<testsuite name="com.melodypharmacy.service.AuthServiceTest" tests="5" skipped="0" failures="0" errors="0" timestamp="2026-05-27T15:52:22" hostname="안녕" time="1.918">
  <properties/>
  <testcase name="이미 존재하는 이메일로 회원가입 시 예외 발생" classname="com.melodypharmacy.service.AuthServiceTest" time="1.867"/>
  <testcase name="로그인 성공 후 토큰 반환" classname="com.melodypharmacy.service.AuthServiceTest" time="0.023"/>
  <testcase name="회원가입 성공" classname="com.melodypharmacy.service.AuthServiceTest" time="0.008"/>
  <testcase name="비밀번호 불일치 시 예외 발생" classname="com.melodypharmacy.service.AuthServiceTest" time="0.003"/>
  <testcase name="존재하지 않는 이메일로 로그인 시 예외 발생" classname="com.melodypharmacy.service.AuthServiceTest" time="0.004"/>
  <system-out><![CDATA[]]></system-out>
  <system-err><![CDATA[]]></system-err>
</testsuite>
