<?xml version="1.0" encoding="UTF-8"?>
<testsuite name="com.melodypharmacy.repository.UserRepositoryTest" tests="5" skipped="0" failures="0" errors="0" timestamp="2026-05-27T15:52:47" hostname="안녕" time="0.119">
  <properties/>
  <testcase name="회원 저장 성공" classname="com.melodypharmacy.repository.UserRepositoryTest" time="0.023"/>
  <testcase name="이메일 중복 확인 - 존재하는 경우" classname="com.melodypharmacy.repository.UserRepositoryTest" time="0.038"/>
  <testcase name="이메일 중복 확인 - 존재하지 않는 경우" classname="com.melodypharmacy.repository.UserRepositoryTest" time="0.013"/>
  <testcase name="존재하지 않는 이메일 조회 시 빈 값 반환" classname="com.melodypharmacy.repository.UserRepositoryTest" time="0.018"/>
  <testcase name="이메일로 회원 조회 성공" classname="com.melodypharmacy.repository.UserRepositoryTest" time="0.023"/>
  <system-out><![CDATA[2026-05-28T00:52:47.060+09:00  INFO 39412 --- [    Test worker] t.c.s.AnnotationConfigContextLoaderUtils : Could not detect default configuration classes for test class [com.melodypharmacy.repository.UserRepositoryTest]: UserRepositoryTest does not declare any static, non-private, non-final, nested classes annotated with @Configuration.
2026-05-28T00:52:47.085+09:00  INFO 39412 --- [    Test worker] .b.t.c.SpringBootTestContextBootstrapper : Found @SpringBootConfiguration com.melodypharmacy.MelodyPharmacyApplication for test class com.melodypharmacy.repository.UserRepositoryTest
Hibernate: 
    select
        u1_0.id,
        u1_0.created_at,
        u1_0.email,
        u1_0.nickname,
        u1_0.password 
    from
        users u1_0
Hibernate: 
    insert 
    into
        users
        (created_at, email, nickname, password) 
    values
        (?, ?, ?, ?)
Hibernate: 
    select
        u1_0.id,
        u1_0.created_at,
        u1_0.email,
        u1_0.nickname,
        u1_0.password 
    from
        users u1_0
Hibernate: 
    insert 
    into
        users
        (created_at, email, nickname, password) 
    values
        (?, ?, ?, ?)
Hibernate: 
    select
        u1_0.id 
    from
        users u1_0 
    where
        u1_0.email=? 
    limit
        ?
Hibernate: 
    select
        u1_0.id,
        u1_0.created_at,
        u1_0.email,
        u1_0.nickname,
        u1_0.password 
    from
        users u1_0
Hibernate: 
    select
        u1_0.id 
    from
        users u1_0 
    where
        u1_0.email=? 
    limit
        ?
Hibernate: 
    select
        u1_0.id,
        u1_0.created_at,
        u1_0.email,
        u1_0.nickname,
        u1_0.password 
    from
        users u1_0
Hibernate: 
    select
        u1_0.id,
        u1_0.created_at,
        u1_0.email,
        u1_0.nickname,
        u1_0.password 
    from
        users u1_0 
    where
        u1_0.email=?
Hibernate: 
    select
        u1_0.id,
        u1_0.created_at,
        u1_0.email,
        u1_0.nickname,
        u1_0.password 
    from
        users u1_0
Hibernate: 
    insert 
    into
        users
        (created_at, email, nickname, password) 
    values
        (?, ?, ?, ?)
Hibernate: 
    select
        u1_0.id,
        u1_0.created_at,
        u1_0.email,
        u1_0.nickname,
        u1_0.password 
    from
        users u1_0 
    where
        u1_0.email=?
]]></system-out>
  <system-err><![CDATA[]]></system-err>
</testsuite>
