<?xml version="1.0" encoding="UTF-8"?>
<testsuite name="com.melodypharmacy.controller.AuthControllerTest" tests="4" skipped="0" failures="0" errors="0" timestamp="2026-05-27T15:52:28" hostname="안녕" time="0.379">
  <properties/>
  <testcase name="POST /api/auth/login - 잘못된 정보 400" classname="com.melodypharmacy.controller.AuthControllerTest" time="0.268"/>
  <testcase name="POST /api/auth/signup - 중복 이메일 400" classname="com.melodypharmacy.controller.AuthControllerTest" time="0.011"/>
  <testcase name="POST /api/auth/login - 로그인 성공 토큰 반환" classname="com.melodypharmacy.controller.AuthControllerTest" time="0.09"/>
  <testcase name="POST /api/auth/signup - 회원가입 성공 200" classname="com.melodypharmacy.controller.AuthControllerTest" time="0.006"/>
  <system-out><![CDATA[00:52:25.001 [Test worker] INFO org.springframework.test.context.support.AnnotationConfigContextLoaderUtils -- Could not detect default configuration classes for test class [com.melodypharmacy.controller.AuthControllerTest]: AuthControllerTest does not declare any static, non-private, non-final, nested classes annotated with @Configuration.
00:52:25.267 [Test worker] INFO org.springframework.boot.test.context.SpringBootTestContextBootstrapper -- Found @SpringBootConfiguration com.melodypharmacy.MelodyPharmacyApplication for test class com.melodypharmacy.controller.AuthControllerTest

  .   ____          _            __ _ _
 /\\ / ___'_ __ _ _(_)_ __  __ _ \ \ \ \
( ( )\___ | '_ | '_| | '_ \/ _` | \ \ \ \
 \\/  ___)| |_)| | | | | || (_| |  ) ) ) )
  '  |____| .__|_| |_|_| |_\__, | / / / /
 =========|_|==============|___/=/_/_/_/
 :: Spring Boot ::                (v3.2.5)

2026-05-28T00:52:26.101+09:00  INFO 39412 --- [    Test worker] c.m.controller.AuthControllerTest        : Starting AuthControllerTest using Java 17.0.1 with PID 39412 (started by 선영 in C:\Users\선영\Desktop\melody-pharmacy\backend)
2026-05-28T00:52:26.103+09:00  INFO 39412 --- [    Test worker] c.m.controller.AuthControllerTest        : No active profile set, falling back to 1 default profile: "default"
2026-05-28T00:52:27.844+09:00  INFO 39412 --- [    Test worker] o.s.s.web.DefaultSecurityFilterChain     : Will secure any request with [org.springframework.security.web.session.DisableEncodeUrlFilter@2d4a0671, org.springframework.security.web.context.request.async.WebAsyncManagerIntegrationFilter@1ab9c735, org.springframework.security.web.context.SecurityContextHolderFilter@41d877bb, org.springframework.security.web.header.HeaderWriterFilter@410f53b2, org.springframework.web.filter.CorsFilter@6e4e60f5, org.springframework.security.web.authentication.logout.LogoutFilter@878feb2, com.melodypharmacy.security.JwtAuthenticationFilter@464a3430, org.springframework.security.web.savedrequest.RequestCacheAwareFilter@492fa72a, org.springframework.security.web.servletapi.SecurityContextHolderAwareRequestFilter@513fab1e, org.springframework.security.web.authentication.AnonymousAuthenticationFilter@3bcedb06, org.springframework.security.web.session.SessionManagementFilter@1a3c4b3e, org.springframework.security.web.access.ExceptionTranslationFilter@72e36677, org.springframework.security.web.access.intercept.AuthorizationFilter@c87787d]
2026-05-28T00:52:28.108+09:00  WARN 39412 --- [    Test worker] .s.s.UserDetailsServiceAutoConfiguration : 

Using generated security password: b33df0ea-a2f9-450c-b9ce-d1806c4c4f44

This generated password is for development use only. Your security configuration must be updated before running your application in production.

2026-05-28T00:52:28.177+09:00  INFO 39412 --- [    Test worker] o.s.b.t.m.w.SpringBootMockServletContext : Initializing Spring TestDispatcherServlet ''
2026-05-28T00:52:28.178+09:00  INFO 39412 --- [    Test worker] o.s.t.web.servlet.TestDispatcherServlet  : Initializing Servlet ''
2026-05-28T00:52:28.180+09:00  INFO 39412 --- [    Test worker] o.s.t.web.servlet.TestDispatcherServlet  : Completed initialization in 1 ms
2026-05-28T00:52:28.215+09:00  INFO 39412 --- [    Test worker] c.m.controller.AuthControllerTest        : Started AuthControllerTest in 2.802 seconds (process running for 6.833)
]]></system-out>
  <system-err><![CDATA[]]></system-err>
</testsuite>
